build/app/intermediates/manifest_merge_blame_file/debug/manifest-merger-blame-debug-report.txt
1<?xml version="1.0" encoding="utf-8"?>
2<manifest xmlns:android="http://schemas.android.com/apk/res/android"
3    package="com.example.treasureapp"
4    android:versionCode="1"
5    android:versionName="1.0.0" >
6
7    <uses-sdk
8        android:minSdkVersion="24"
9        android:targetSdkVersion="29" />
10    <!--
11         Flutter needs it to communicate with the running application
12         to allow setting breakpoints, to provide hot reload, etc.
13    -->
14    <uses-permission android:name="android.permission.INTERNET" />
14-->src\main\AndroidManifest.xml:9:5-66
14-->src\main\AndroidManifest.xml:9:22-64
15    <!--
16     io.flutter.app.FlutterApplication is an android.app.Application that
17         calls FlutterMain.startInitialization(this); in its onCreate method.
18         In most cases you can leave this as-is, but you if you want to provide
19         additional functionality it is fine to subclass or reimplement
20         FlutterApplication and put your custom class here.
21    -->
22    <uses-feature android:name="android.hardware.camera.ar" />
22-->src\main\AndroidManifest.xml:8:5-63
22-->src\main\AndroidManifest.xml:8:19-60
23
24    <uses-permission android:name="android:permission.CAMERA" />
24-->src\main\AndroidManifest.xml:10:5-65
24-->src\main\AndroidManifest.xml:10:22-62
25    <uses-permission android:name="android.permission.ACCESS_FINE_LOCATION" />
25-->src\main\AndroidManifest.xml:11:5-79
25-->src\main\AndroidManifest.xml:11:22-76
26    <uses-permission android:name="android.permission.ACCESS_COARSE_LOCATION" />
26-->src\main\AndroidManifest.xml:12:5-81
26-->src\main\AndroidManifest.xml:12:22-78
27    <uses-permission android:name="android.permission.ACCESS_BACKGROUND_LOCATION" />
27-->src\main\AndroidManifest.xml:13:5-84
27-->src\main\AndroidManifest.xml:13:22-82
28    <uses-permission android:name="android.permission.VIBRATE" />
28-->[:vibration] AndroidManifest.xml:7:5-66
28-->[:vibration] AndroidManifest.xml:7:22-63
29    <uses-permission android:name="android.permission.CAMERA" /> <!-- Sceneform requires OpenGL ES 3.0 or later. -->
29-->[:arcore_flutter_plugin] AndroidManifest.xml:7:5-65
29-->[:arcore_flutter_plugin] AndroidManifest.xml:7:22-62
30    <uses-feature
30-->[:arcore_flutter_plugin] AndroidManifest.xml:16:5-18:35
31        android:glEsVersion="0x00030000"
31-->[:arcore_flutter_plugin] AndroidManifest.xml:17:9-41
32        android:required="true" /> <!-- Include required permissions for Google Maps API to run. -->
32-->[:arcore_flutter_plugin] AndroidManifest.xml:18:9-32
33    <uses-permission android:name="android.permission.ACCESS_NETWORK_STATE" />
33-->[com.google.android.gms:play-services-maps:17.0.0] AndroidManifest.xml:23:5-79
33-->[com.google.android.gms:play-services-maps:17.0.0] AndroidManifest.xml:23:22-76
34
35    <application
35-->src\main\AndroidManifest.xml:15:5-56:19
36        android:name="io.flutter.app.FlutterApplication"
36-->src\main\AndroidManifest.xml:16:9-57
37        android:appComponentFactory="androidx.core.app.CoreComponentFactory"
37-->[androidx.core:core:1.3.0-alpha01] AndroidManifest.xml:24:18-86
38        android:debuggable="true"
39        android:icon="@mipmap/ic_launcher"
39-->src\main\AndroidManifest.xml:18:9-43
40        android:label="treasureapp" >
40-->src\main\AndroidManifest.xml:17:9-36
41        <activity
41-->src\main\AndroidManifest.xml:19:9-47:20
42            android:name="com.example.treasureapp.MainActivity"
42-->src\main\AndroidManifest.xml:20:13-41
43            android:configChanges="orientation|keyboardHidden|keyboard|screenSize|smallestScreenSize|locale|layoutDirection|fontScale|screenLayout|density|uiMode"
43-->src\main\AndroidManifest.xml:23:13-163
44            android:hardwareAccelerated="true"
44-->src\main\AndroidManifest.xml:24:13-47
45            android:launchMode="singleTop"
45-->src\main\AndroidManifest.xml:21:13-43
46            android:theme="@style/LaunchTheme"
46-->src\main\AndroidManifest.xml:22:13-47
47            android:windowSoftInputMode="adjustResize" >
47-->src\main\AndroidManifest.xml:25:13-55
48
49            <!--
50                 Specifies an Android theme to apply to this Activity as soon as
51                 the Android process has started. This theme is visible to the user
52                 while the Flutter UI initializes. After that, this theme continues
53                 to determine the Window background behind the Flutter UI.
54            -->
55            <meta-data
55-->src\main\AndroidManifest.xml:30:13-33:17
56                android:name="io.flutter.embedding.android.NormalTheme"
56-->src\main\AndroidManifest.xml:31:15-70
57                android:resource="@style/NormalTheme" />
57-->src\main\AndroidManifest.xml:32:15-52
58            <!--
59                 Displays an Android View that continues showing the launch screen
60                 Drawable until Flutter paints its first frame, then this splash
61                 screen fades out. A splash screen is useful to avoid any visual
62                 gap between the end of Android's launch screen and the painting of
63                 Flutter's first frame.
64            -->
65            <meta-data
65-->src\main\AndroidManifest.xml:39:13-42:17
66                android:name="io.flutter.embedding.android.SplashScreenDrawable"
66-->src\main\AndroidManifest.xml:40:15-79
67                android:resource="@drawable/launch_background" />
67-->src\main\AndroidManifest.xml:41:15-61
68
69            <intent-filter>
69-->src\main\AndroidManifest.xml:43:13-46:29
70                <action android:name="android.intent.action.MAIN" />
70-->src\main\AndroidManifest.xml:44:17-68
70-->src\main\AndroidManifest.xml:44:25-66
71
72                <category android:name="android.intent.category.LAUNCHER" />
72-->src\main\AndroidManifest.xml:45:17-76
72-->src\main\AndroidManifest.xml:45:27-74
73            </intent-filter>
74        </activity>
75
76        <receiver
76-->src\main\AndroidManifest.xml:48:9-140
77            android:name="io.flutter.plugins.geofencing.GeofencingBroadcastReceiver"
77-->src\main\AndroidManifest.xml:48:19-91
78            android:enabled="true"
78-->src\main\AndroidManifest.xml:48:92-114
79            android:exported="true" />
79-->src\main\AndroidManifest.xml:48:115-138
80
81        <service
81-->src\main\AndroidManifest.xml:49:9-163
82            android:name="io.flutter.plugins.geofencing.GeofencingService"
82-->src\main\AndroidManifest.xml:49:18-80
83            android:exported="true"
83-->src\main\AndroidManifest.xml:49:138-161
84            android:permission="android.permission.BIND_JOB_SERVICE" />
84-->src\main\AndroidManifest.xml:49:81-137
85        <!--
86             Don't delete the meta-data below.
87             This is used by the Flutter tool to generate GeneratedPluginRegistrant.java
88        -->
89        <meta-data
89-->src\main\AndroidManifest.xml:52:9-54:33
90            android:name="flutterEmbedding"
90-->src\main\AndroidManifest.xml:53:13-44
91            android:value="2" />
91-->src\main\AndroidManifest.xml:54:13-30
92        <meta-data
92-->src\main\AndroidManifest.xml:55:9-123
93            android:name="com.google.android.geo.API_KEY"
93-->src\main\AndroidManifest.xml:55:20-65
94            android:value="AIzaSyBF28YucB-DE1S2yr3wPu5IasnbaNOMUGk" />
94-->src\main\AndroidManifest.xml:55:66-121
95        <!--
96             Indicates that app requires ARCore ("AR Required"). Causes Google
97             Play Store to download and install ARCore when the app is installed.
98        -->
99        <meta-data
99-->[:arcore_flutter_plugin] AndroidManifest.xml:26:9-28:40
100            android:name="com.google.ar.core"
100-->[:arcore_flutter_plugin] AndroidManifest.xml:27:13-46
101            android:value="optional" /> <!-- The minimal version code of ARCore APK required for an app using this SDK. -->
101-->[:arcore_flutter_plugin] AndroidManifest.xml:28:13-37
102        <meta-data
102-->[com.google.ar:core:1.13.0] AndroidManifest.xml:33:9-35:41
103            android:name="com.google.ar.core.min_apk_version"
103-->[com.google.ar:core:1.13.0] AndroidManifest.xml:34:13-62
104            android:value="190919000" /> <!-- This activity is critical for installing ARCore when it is not already present. -->
104-->[com.google.ar:core:1.13.0] AndroidManifest.xml:35:13-38
105        <activity
105-->[com.google.ar:core:1.13.0] AndroidManifest.xml:37:9-43:80
106            android:name="com.google.ar.core.InstallActivity"
106-->[com.google.ar:core:1.13.0] AndroidManifest.xml:38:13-62
107            android:configChanges="keyboardHidden|orientation|screenSize"
107-->[com.google.ar:core:1.13.0] AndroidManifest.xml:39:13-74
108            android:excludeFromRecents="true"
108-->[com.google.ar:core:1.13.0] AndroidManifest.xml:40:13-46
109            android:exported="false"
109-->[com.google.ar:core:1.13.0] AndroidManifest.xml:41:13-37
110            android:launchMode="singleTop"
110-->[com.google.ar:core:1.13.0] AndroidManifest.xml:42:13-43
111            android:theme="@android:style/Theme.Material.Light.Dialog.Alert" /> <!-- Needs to be explicitly declared on P+ -->
111-->[com.google.ar:core:1.13.0] AndroidManifest.xml:43:13-77
112        <uses-library
112-->[com.google.android.gms:play-services-maps:17.0.0] AndroidManifest.xml:33:9-35:40
113            android:name="org.apache.http.legacy"
113-->[com.google.android.gms:play-services-maps:17.0.0] AndroidManifest.xml:34:13-50
114            android:required="false" />
114-->[com.google.android.gms:play-services-maps:17.0.0] AndroidManifest.xml:35:13-37
115
116        <activity
116-->[com.google.android.gms:play-services-base:17.3.0] AndroidManifest.xml:23:9-26:75
117            android:name="com.google.android.gms.common.api.GoogleApiActivity"
117-->[com.google.android.gms:play-services-base:17.3.0] AndroidManifest.xml:24:13-79
118            android:exported="false"
118-->[com.google.android.gms:play-services-base:17.3.0] AndroidManifest.xml:25:13-37
119            android:theme="@android:style/Theme.Translucent.NoTitleBar" />
119-->[com.google.android.gms:play-services-base:17.3.0] AndroidManifest.xml:26:13-72
120
121        <meta-data
121-->[com.google.android.gms:play-services-basement:17.3.0] AndroidManifest.xml:23:9-25:69
122            android:name="com.google.android.gms.version"
122-->[com.google.android.gms:play-services-basement:17.3.0] AndroidManifest.xml:24:13-58
123            android:value="@integer/google_play_services_version" />
123-->[com.google.android.gms:play-services-basement:17.3.0] AndroidManifest.xml:25:13-66
124    </application>
125
126</manifest>